<?xml version="1.0" encoding="UTF-8"?><testsuite name="nosetests" tests="17" errors="0" failures="0" skip="0"><testcase classname="project.tests.test__config.TestDevelopmentConfig" name="test_app_is_development" time="0.011"></testcase><testcase classname="project.tests.test__config.TestProductionConfig" name="test_app_is_production" time="0.001"></testcase><testcase classname="project.tests.test__config.TestTestingConfig" name="test_app_is_testing" time="0.001"></testcase><testcase classname="project.tests.test_auth.TestAuthBlueprint" name="test_non_registered_user_login" time="0.074"></testcase><testcase classname="project.tests.test_auth.TestAuthBlueprint" name="test_post_existed_encrypted_key" time="0.043"></testcase><testcase classname="project.tests.test_auth.TestAuthBlueprint" name="test_registered_user_login" time="0.035"></testcase><testcase classname="project.tests.test_auth.TestAuthBlueprint" name="test_registered_with_already_registered_user" time="0.028"></testcase><testcase classname="project.tests.test_auth.TestAuthBlueprint" name="test_registration" time="0.032"></testcase><testcase classname="project.tests.test_auth.TestAuthBlueprint" name="test_user_status" time="0.035"></testcase><testcase classname="project.tests.test_auth.TestAuthBlueprint" name="test_valid_blacklisted_token_logout" time="0.044"></testcase><testcase classname="project.tests.test_auth.TestAuthBlueprint" name="test_valid_blacklisted_token_user" time="0.038"></testcase><testcase classname="project.tests.test_auth.TestAuthBlueprint" name="test_valid_get_empty_encrypted_key" time="0.035"></testcase><testcase classname="project.tests.test_auth.TestAuthBlueprint" name="test_valid_logout" time="0.041"></testcase><testcase classname="project.tests.test_auth.TestAuthBlueprint" name="test_valid_post_encrypted_key" time="0.042"><system-out><![CDATA[{
  "auth_token": "eyJhbGciOiJIUzI1NiIsInR5cCI6IkpXVCJ9.eyJrZXkiOm51bGwsImlhdCI6MTQ5NzQxNDQxOCwic3ViIjoxLCJleHAiOjE0OTc1MDA4MTh9.0QNrZx8nC86crOM0yBNqvnoKnSneCzzu3s5oY0GDOGQ", 
  "message": "Successfully registered.", 
  "status": "success"
}

]]></system-out></testcase><testcase classname="project.tests.test_auth.TestAuthBlueprint" name="testing_json_data" time="0.019"></testcase><testcase classname="project.tests.test_user_model.TestUserModel" name="test_decode_auth_token" time="0.028"></testcase><testcase classname="project.tests.test_user_model.TestUserModel" name="test_encode_auth_token" time="0.026"></testcase></testsuite>